TN:
SF:/Users/andeladeveloper/Desktop/more-recipes/webpack.config.dev.js
FNF:0
FNH:0
DA:1,1
DA:2,1
LF:2
LH:2
BRF:0
BRH:0
end_of_record
TN:
SF:/Users/andeladeveloper/Desktop/more-recipes/Server/index.js
FN:41,(anonymous_1)
FN:48,(anonymous_2)
FNF:2
FNH:1
FNDA:0,(anonymous_1)
FNDA:1,(anonymous_2)
DA:1,1
DA:2,1
DA:3,1
DA:4,1
DA:5,1
DA:6,1
DA:7,1
DA:9,1
DA:10,1
DA:11,1
DA:13,1
DA:15,1
DA:16,1
DA:18,1
DA:20,1
DA:23,1
DA:24,1
DA:25,1
DA:26,1
DA:28,1
DA:33,1
DA:35,1
DA:37,1
DA:38,1
DA:39,1
DA:41,1
DA:42,0
DA:45,1
DA:46,1
DA:48,1
DA:49,1
LF:31
LH:30
BRDA:45,0,0,1
BRDA:45,0,1,1
BRF:2
BRH:2
end_of_record
TN:
SF:/Users/andeladeveloper/Desktop/more-recipes/Server/config/config.js
FNF:0
FNH:0
DA:1,1
DA:3,1
DA:5,1
LF:3
LH:3
BRF:0
BRH:0
end_of_record
TN:
SF:/Users/andeladeveloper/Desktop/more-recipes/Server/controllers/favorites.js
FN:6,faveRecipe
FN:24,(anonymous_2)
FN:38,(anonymous_3)
FN:41,(anonymous_4)
FN:48,(anonymous_5)
FN:54,(anonymous_6)
FN:61,(anonymous_7)
FN:64,(anonymous_8)
FN:66,(anonymous_9)
FN:6,getFaveRecipes
FN:92,(anonymous_11)
FN:105,(anonymous_12)
FNF:12
FNH:0
FNDA:0,faveRecipe
FNDA:0,(anonymous_2)
FNDA:0,(anonymous_3)
FNDA:0,(anonymous_4)
FNDA:0,(anonymous_5)
FNDA:0,(anonymous_6)
FNDA:0,(anonymous_7)
FNDA:0,(anonymous_8)
FNDA:0,(anonymous_9)
FNDA:0,getFaveRecipes
FNDA:0,(anonymous_11)
FNDA:0,(anonymous_12)
DA:1,1
DA:3,1
DA:4,1
DA:6,1
DA:14,0
DA:15,0
DA:20,0
DA:21,0
DA:25,0
DA:26,0
DA:32,0
DA:39,0
DA:40,0
DA:42,0
DA:48,0
DA:50,0
DA:55,0
DA:61,0
DA:64,0
DA:66,0
DA:76,0
DA:77,0
DA:82,0
DA:83,0
DA:84,0
DA:93,0
DA:94,0
DA:99,0
DA:105,0
DA:107,0
LF:30
LH:4
BRDA:14,0,0,0
BRDA:14,0,1,0
BRDA:25,1,0,0
BRDA:25,1,1,0
BRDA:39,2,0,0
BRDA:39,2,1,0
BRDA:76,3,0,0
BRDA:76,3,1,0
BRDA:83,4,0,0
BRDA:83,4,1,0
BRDA:93,5,0,0
BRDA:93,5,1,0
BRF:12
BRH:0
end_of_record
TN:
SF:/Users/andeladeveloper/Desktop/more-recipes/Server/controllers/ratings.js
FN:6,upvote
FN:24,(anonymous_2)
FN:37,(anonymous_3)
FN:43,(anonymous_4)
FN:49,(anonymous_5)
FN:52,(anonymous_6)
FN:65,(anonymous_7)
FN:71,(anonymous_8)
FN:74,(anonymous_9)
FN:76,(anonymous_10)
FN:6,downvote
FN:96,(anonymous_12)
FN:109,(anonymous_13)
FN:115,(anonymous_14)
FN:121,(anonymous_15)
FN:124,(anonymous_16)
FN:137,(anonymous_17)
FN:143,(anonymous_18)
FN:146,(anonymous_19)
FN:148,(anonymous_20)
FNF:20
FNH:0
FNDA:0,upvote
FNDA:0,(anonymous_2)
FNDA:0,(anonymous_3)
FNDA:0,(anonymous_4)
FNDA:0,(anonymous_5)
FNDA:0,(anonymous_6)
FNDA:0,(anonymous_7)
FNDA:0,(anonymous_8)
FNDA:0,(anonymous_9)
FNDA:0,(anonymous_10)
FNDA:0,downvote
FNDA:0,(anonymous_12)
FNDA:0,(anonymous_13)
FNDA:0,(anonymous_14)
FNDA:0,(anonymous_15)
FNDA:0,(anonymous_16)
FNDA:0,(anonymous_17)
FNDA:0,(anonymous_18)
FNDA:0,(anonymous_19)
FNDA:0,(anonymous_20)
DA:1,1
DA:3,1
DA:4,1
DA:6,1
DA:14,0
DA:15,0
DA:20,0
DA:21,0
DA:25,0
DA:26,0
DA:31,0
DA:38,0
DA:39,0
DA:40,0
DA:44,0
DA:49,0
DA:50,0
DA:51,0
DA:53,0
DA:60,0
DA:66,0
DA:71,0
DA:74,0
DA:76,0
DA:86,0
DA:87,0
DA:92,0
DA:93,0
DA:97,0
DA:98,0
DA:103,0
DA:110,0
DA:111,0
DA:112,0
DA:116,0
DA:121,0
DA:122,0
DA:123,0
DA:125,0
DA:132,0
DA:138,0
DA:143,0
DA:146,0
DA:148,0
LF:44
LH:4
BRDA:14,0,0,0
BRDA:14,0,1,0
BRDA:25,1,0,0
BRDA:25,1,1,0
BRDA:38,2,0,0
BRDA:38,2,1,0
BRDA:39,3,0,0
BRDA:39,3,1,0
BRDA:50,4,0,0
BRDA:50,4,1,0
BRDA:86,5,0,0
BRDA:86,5,1,0
BRDA:97,6,0,0
BRDA:97,6,1,0
BRDA:110,7,0,0
BRDA:110,7,1,0
BRDA:111,8,0,0
BRDA:111,8,1,0
BRDA:122,9,0,0
BRDA:122,9,1,0
BRF:20
BRH:0
end_of_record
TN:
SF:/Users/andeladeveloper/Desktop/more-recipes/Server/controllers/recipes.js
FN:7,addRecipe
FN:23,(anonymous_2)
FN:40,(anonymous_3)
FN:47,(anonymous_4)
FN:49,(anonymous_5)
FN:7,getAllRecipes
FN:82,(anonymous_7)
FN:95,(anonymous_8)
FN:107,(anonymous_9)
FN:115,(anonymous_10)
FN:138,(anonymous_11)
FN:140,(anonymous_12)
FN:146,(anonymous_13)
FN:159,(anonymous_14)
FN:7,updateRecipe
FN:176,(anonymous_16)
FN:196,(anonymous_17)
FN:211,(anonymous_18)
FN:232,(anonymous_19)
FN:7,deleteRecipe
FN:250,(anonymous_21)
FN:258,(anonymous_22)
FN:264,(anonymous_23)
FN:272,(anonymous_24)
FN:7,getRecipe
FN:287,(anonymous_26)
FN:299,(anonymous_27)
FN:7,getUserRecipes
FN:314,(anonymous_29)
FN:327,(anonymous_30)
FNF:30
FNH:8
FNDA:0,addRecipe
FNDA:0,(anonymous_2)
FNDA:0,(anonymous_3)
FNDA:0,(anonymous_4)
FNDA:0,(anonymous_5)
FNDA:3,getAllRecipes
FNDA:1,(anonymous_7)
FNDA:0,(anonymous_8)
FNDA:1,(anonymous_9)
FNDA:1,(anonymous_10)
FNDA:1,(anonymous_11)
FNDA:0,(anonymous_12)
FNDA:1,(anonymous_13)
FNDA:0,(anonymous_14)
FNDA:0,updateRecipe
FNDA:0,(anonymous_16)
FNDA:0,(anonymous_17)
FNDA:0,(anonymous_18)
FNDA:0,(anonymous_19)
FNDA:0,deleteRecipe
FNDA:0,(anonymous_21)
FNDA:0,(anonymous_22)
FNDA:0,(anonymous_23)
FNDA:0,(anonymous_24)
FNDA:2,getRecipe
FNDA:0,(anonymous_26)
FNDA:1,(anonymous_27)
FNDA:0,getUserRecipes
FNDA:0,(anonymous_29)
FNDA:0,(anonymous_30)
DA:1,1
DA:2,1
DA:3,1
DA:4,1
DA:7,1
DA:15,0
DA:16,0
DA:17,0
DA:24,0
DA:25,0
DA:30,0
DA:41,0
DA:47,0
DA:49,0
DA:51,0
DA:66,3
DA:67,1
DA:83,1
DA:84,1
DA:89,0
DA:95,0
DA:96,2
DA:97,1
DA:98,0
DA:104,1
DA:105,1
DA:106,1
DA:108,1
DA:109,1
DA:110,1
DA:111,1
DA:116,1
DA:117,1
DA:122,1
DA:123,1
DA:128,0
DA:138,1
DA:140,0
DA:143,1
DA:147,1
DA:148,1
DA:153,0
DA:159,0
DA:168,0
DA:169,0
DA:174,0
DA:175,0
DA:177,0
DA:178,0
DA:182,0
DA:183,0
DA:185,0
DA:186,0
DA:187,0
DA:197,0
DA:211,0
DA:213,0
DA:220,0
DA:226,0
DA:232,0
DA:242,0
DA:243,0
DA:248,0
DA:249,0
DA:251,0
DA:252,0
DA:256,0
DA:257,0
DA:259,0
DA:264,0
DA:266,0
DA:272,0
DA:277,2
DA:278,1
DA:283,1
DA:284,1
DA:288,0
DA:289,0
DA:294,0
DA:299,1
DA:304,0
DA:305,0
DA:310,0
DA:311,0
DA:315,0
DA:316,0
DA:321,0
DA:327,0
LF:88
LH:31
BRDA:16,0,0,0
BRDA:16,0,1,0
BRDA:24,1,0,0
BRDA:24,1,1,0
BRDA:66,2,0,1
BRDA:66,2,1,2
BRDA:83,3,0,1
BRDA:83,3,1,0
BRDA:96,4,0,1
BRDA:96,4,1,1
BRDA:97,5,0,0
BRDA:97,5,1,1
BRDA:108,6,0,1
BRDA:108,6,1,0
BRDA:116,7,0,1
BRDA:116,7,1,0
BRDA:122,8,0,1
BRDA:122,8,1,0
BRDA:147,9,0,1
BRDA:147,9,1,0
BRDA:168,10,0,0
BRDA:168,10,1,0
BRDA:177,11,0,0
BRDA:177,11,1,0
BRDA:182,12,0,0
BRDA:182,12,1,0
BRDA:183,13,0,0
BRDA:183,13,1,0
BRDA:183,14,0,0
BRDA:183,14,1,0
BRDA:183,14,2,0
BRDA:183,14,3,0
BRDA:183,14,4,0
BRDA:183,14,5,0
BRDA:183,14,6,0
BRDA:186,15,0,0
BRDA:186,15,1,0
BRDA:188,16,0,0
BRDA:188,16,1,0
BRDA:189,17,0,0
BRDA:189,17,1,0
BRDA:190,18,0,0
BRDA:190,18,1,0
BRDA:191,19,0,0
BRDA:191,19,1,0
BRDA:192,20,0,0
BRDA:192,20,1,0
BRDA:193,21,0,0
BRDA:193,21,1,0
BRDA:194,22,0,0
BRDA:194,22,1,0
BRDA:242,23,0,0
BRDA:242,23,1,0
BRDA:251,24,0,0
BRDA:251,24,1,0
BRDA:256,25,0,0
BRDA:256,25,1,0
BRDA:277,26,0,1
BRDA:277,26,1,1
BRDA:288,27,0,0
BRDA:288,27,1,0
BRDA:304,28,0,0
BRDA:304,28,1,0
BRDA:315,29,0,0
BRDA:315,29,1,0
BRF:65
BRH:12
end_of_record
TN:
SF:/Users/andeladeveloper/Desktop/more-recipes/Server/controllers/reviews.js
FN:7,reviewRecipe
FN:23,(anonymous_2)
FN:33,(anonymous_3)
FN:39,(anonymous_4)
FN:54,(anonymous_5)
FNF:5
FNH:0
FNDA:0,reviewRecipe
FNDA:0,(anonymous_2)
FNDA:0,(anonymous_3)
FNDA:0,(anonymous_4)
FNDA:0,(anonymous_5)
DA:1,1
DA:2,1
DA:3,1
DA:7,1
DA:15,0
DA:16,0
DA:21,0
DA:22,0
DA:24,0
DA:25,0
DA:26,0
DA:27,0
DA:34,0
DA:39,0
DA:41,0
DA:48,0
DA:54,0
LF:17
LH:4
BRDA:15,0,0,0
BRDA:15,0,1,0
BRDA:24,1,0,0
BRDA:24,1,1,0
BRDA:26,2,0,0
BRDA:26,2,1,0
BRF:6
BRH:0
end_of_record
TN:
SF:/Users/andeladeveloper/Desktop/more-recipes/Server/controllers/users.js
FN:10,createToken
FN:18,createUser
FN:31,(anonymous_3)
FN:46,(anonymous_4)
FN:68,(anonymous_5)
FN:18,signIn
FN:91,(anonymous_7)
FN:115,(anonymous_8)
FNF:8
FNH:4
FNDA:0,createToken
FNDA:4,createUser
FNDA:0,(anonymous_3)
FNDA:0,(anonymous_4)
FNDA:3,(anonymous_5)
FNDA:3,signIn
FNDA:0,(anonymous_7)
FNDA:3,(anonymous_8)
DA:1,1
DA:2,1
DA:3,1
DA:4,1
DA:6,1
DA:8,1
DA:11,0
DA:15,0
DA:18,1
DA:26,4
DA:27,4
DA:28,3
DA:32,0
DA:33,0
DA:34,0
DA:39,0
DA:47,0
DA:52,0
DA:53,0
DA:54,0
DA:62,0
DA:68,3
DA:70,1
DA:71,1
DA:85,3
DA:86,3
DA:87,3
DA:88,3
DA:92,0
DA:93,0
DA:94,0
DA:95,0
DA:96,0
DA:103,0
DA:108,0
DA:109,0
DA:115,3
DA:117,0
LF:38
LH:18
BRDA:27,0,0,3
BRDA:27,0,1,1
BRDA:32,1,0,0
BRDA:32,1,1,0
BRDA:33,2,0,0
BRDA:33,2,1,0
BRDA:87,3,0,3
BRDA:87,3,1,0
BRDA:87,4,0,3
BRDA:87,4,1,3
BRDA:92,5,0,0
BRDA:92,5,1,0
BRDA:93,6,0,0
BRDA:93,6,1,0
BRDA:108,7,0,0
BRDA:108,7,1,0
BRF:16
BRH:5
end_of_record
TN:
SF:/Users/andeladeveloper/Desktop/more-recipes/Server/middleware/index.js
FN:4,authenticate
FN:8,(anonymous_2)
FN:18,(anonymous_3)
FN:26,(anonymous_4)
FNF:4
FNH:2
FNDA:2,authenticate
FNDA:1,(anonymous_2)
FNDA:0,(anonymous_3)
FNDA:0,(anonymous_4)
DA:1,1
DA:2,1
DA:4,1
DA:6,2
DA:7,2
DA:8,1
DA:9,1
DA:10,1
DA:15,0
DA:19,0
DA:20,0
DA:22,0
DA:23,0
DA:24,0
DA:26,0
DA:29,1
LF:16
LH:9
BRDA:6,0,0,2
BRDA:6,0,1,2
BRDA:6,0,2,2
BRDA:7,1,0,1
BRDA:7,1,1,1
BRDA:9,2,0,1
BRDA:9,2,1,0
BRDA:19,3,0,0
BRDA:19,3,1,0
BRF:9
BRH:6
end_of_record
TN:
SF:/Users/andeladeveloper/Desktop/more-recipes/Server/models/favorite.js
FN:2,(anonymous_0)
FN:5,(anonymous_1)
FNF:2
FNH:2
FNDA:1,(anonymous_0)
FNDA:1,(anonymous_1)
DA:2,1
DA:3,1
DA:5,1
DA:6,1
DA:10,1
DA:16,1
LF:6
LH:6
BRF:0
BRH:0
end_of_record
TN:
SF:/Users/andeladeveloper/Desktop/more-recipes/Server/models/index.js
FN:27,(anonymous_0)
FN:31,(anonymous_1)
FN:36,(anonymous_2)
FNF:3
FNH:3
FNDA:6,(anonymous_0)
FNDA:5,(anonymous_1)
FNDA:5,(anonymous_2)
DA:3,1
DA:5,1
DA:7,1
DA:9,1
DA:10,1
DA:11,1
DA:12,1
DA:14,1
DA:18,1
DA:19,0
DA:21,1
DA:25,1
DA:27,6
DA:32,5
DA:33,5
DA:36,1
DA:37,5
DA:38,5
DA:42,1
DA:43,1
DA:45,1
LF:21
LH:20
BRDA:10,0,0,1
BRDA:10,0,1,0
BRDA:18,1,0,0
BRDA:18,1,1,1
BRDA:28,2,0,6
BRDA:28,2,1,6
BRDA:28,2,2,5
BRDA:37,3,0,5
BRDA:37,3,1,0
BRF:9
BRH:6
end_of_record
TN:
SF:/Users/andeladeveloper/Desktop/more-recipes/Server/models/rating.js
FN:2,(anonymous_0)
FN:10,(anonymous_1)
FNF:2
FNH:2
FNDA:1,(anonymous_0)
FNDA:1,(anonymous_1)
DA:2,1
DA:3,1
DA:10,1
DA:11,1
DA:15,1
DA:21,1
LF:6
LH:6
BRF:0
BRH:0
end_of_record
TN:
SF:/Users/andeladeveloper/Desktop/more-recipes/Server/models/recipe.js
FN:2,(anonymous_0)
FN:34,(anonymous_1)
FNF:2
FNH:2
FNDA:1,(anonymous_0)
FNDA:1,(anonymous_1)
DA:2,1
DA:3,1
DA:34,1
DA:35,1
DA:39,1
DA:43,1
DA:47,1
DA:53,1
LF:8
LH:8
BRF:0
BRH:0
end_of_record
TN:
SF:/Users/andeladeveloper/Desktop/more-recipes/Server/models/review.js
FN:2,(anonymous_0)
FN:20,(anonymous_1)
FNF:2
FNH:2
FNDA:1,(anonymous_0)
FNDA:1,(anonymous_1)
DA:2,1
DA:3,1
DA:20,1
DA:21,1
DA:25,1
DA:30,1
LF:6
LH:6
BRF:0
BRH:0
end_of_record
TN:
SF:/Users/andeladeveloper/Desktop/more-recipes/Server/models/user.js
FN:3,(anonymous_1)
FN:31,(anonymous_2)
FN:50,(anonymous_3)
FN:56,(anonymous_4)
FNF:4
FNH:2
FNDA:1,(anonymous_1)
FNDA:1,(anonymous_2)
FNDA:0,(anonymous_3)
FNDA:0,(anonymous_4)
DA:1,1
DA:3,1
DA:4,1
DA:31,1
DA:32,1
DA:36,1
DA:40,1
DA:44,1
DA:50,1
DA:51,0
DA:52,0
DA:53,0
DA:56,1
DA:57,0
DA:59,1
LF:15
LH:11
BRF:0
BRH:0
end_of_record
TN:
SF:/Users/andeladeveloper/Desktop/more-recipes/Server/routes/recipes.js
FNF:0
FNH:0
DA:1,1
DA:3,1
DA:4,1
DA:5,1
DA:6,1
DA:7,1
DA:9,1
DA:11,1
DA:12,1
DA:13,1
DA:14,1
DA:15,1
LF:12
LH:12
BRF:0
BRH:0
end_of_record
TN:
SF:/Users/andeladeveloper/Desktop/more-recipes/Server/routes/users.js
FNF:0
FNH:0
DA:1,1
DA:3,1
DA:4,1
DA:5,1
DA:6,1
DA:8,1
DA:10,1
DA:13,1
DA:14,1
LF:9
LH:9
BRF:0
BRH:0
end_of_record
TN:
SF:/Users/andeladeveloper/Desktop/more-recipes/Server/shared/validations.js
FNF:0
FNH:0
DA:1,1
DA:9,1
DA:18,1
DA:23,1
LF:4
LH:4
BRF:0
BRH:0
end_of_record
TN:
SF:/Users/andeladeveloper/Desktop/more-recipes/Server/tests/favorites.js
FN:11,(anonymous_1)
FN:12,(anonymous_2)
FN:16,(anonymous_3)
FN:26,(anonymous_4)
FN:27,(anonymous_5)
FN:31,(anonymous_6)
FN:41,(anonymous_7)
FN:42,(anonymous_8)
FN:46,(anonymous_9)
FN:54,(anonymous_10)
FN:58,(anonymous_11)
FNF:11
FNH:7
FNDA:1,(anonymous_1)
FNDA:1,(anonymous_2)
FNDA:0,(anonymous_3)
FNDA:1,(anonymous_4)
FNDA:1,(anonymous_5)
FNDA:0,(anonymous_6)
FNDA:1,(anonymous_7)
FNDA:1,(anonymous_8)
FNDA:0,(anonymous_9)
FNDA:1,(anonymous_10)
FNDA:0,(anonymous_11)
DA:1,1
DA:2,1
DA:3,1
DA:4,1
DA:5,1
DA:7,1
DA:9,1
DA:11,1
DA:12,1
DA:13,1
DA:17,0
DA:18,0
DA:19,0
DA:20,0
DA:26,1
DA:27,1
DA:28,1
DA:32,0
DA:33,0
DA:34,0
DA:35,0
DA:41,1
DA:42,1
DA:43,1
DA:47,0
DA:48,0
DA:49,0
DA:50,0
DA:51,0
DA:54,1
DA:55,1
DA:59,0
DA:60,0
DA:61,0
DA:62,0
DA:63,0
LF:36
LH:18
BRF:0
BRH:0
end_of_record
TN:
SF:/Users/andeladeveloper/Desktop/more-recipes/Server/tests/mockdata.js
FNF:0
FNH:0
DA:1,1
DA:9,1
DA:17,1
DA:25,1
DA:30,1
DA:35,1
DA:40,1
DA:49,1
DA:58,1
DA:67,1
DA:71,1
LF:11
LH:11
BRF:0
BRH:0
end_of_record
TN:
SF:/Users/andeladeveloper/Desktop/more-recipes/Server/tests/ratings.js
FN:11,(anonymous_1)
FN:12,(anonymous_2)
FN:17,(anonymous_3)
FN:26,(anonymous_4)
FN:27,(anonymous_5)
FN:32,(anonymous_6)
FN:39,(anonymous_7)
FN:44,(anonymous_8)
FN:53,(anonymous_9)
FN:54,(anonymous_10)
FN:59,(anonymous_11)
FNF:11
FNH:7
FNDA:1,(anonymous_1)
FNDA:1,(anonymous_2)
FNDA:0,(anonymous_3)
FNDA:1,(anonymous_4)
FNDA:1,(anonymous_5)
FNDA:0,(anonymous_6)
FNDA:1,(anonymous_7)
FNDA:0,(anonymous_8)
FNDA:1,(anonymous_9)
FNDA:1,(anonymous_10)
FNDA:0,(anonymous_11)
DA:1,1
DA:2,1
DA:3,1
DA:4,1
DA:5,1
DA:7,1
DA:9,1
DA:11,1
DA:12,1
DA:13,1
DA:18,0
DA:19,0
DA:20,0
DA:21,0
DA:26,1
DA:27,1
DA:28,1
DA:33,0
DA:34,0
DA:35,0
DA:36,0
DA:39,1
DA:40,1
DA:45,0
DA:46,0
DA:47,0
DA:48,0
DA:53,1
DA:54,1
DA:55,1
DA:60,0
DA:61,0
DA:62,0
DA:63,0
LF:34
LH:18
BRF:0
BRH:0
end_of_record
TN:
SF:/Users/andeladeveloper/Desktop/more-recipes/Server/tests/recipes.js
FN:15,(anonymous_1)
FN:16,(anonymous_2)
FN:19,(anonymous_3)
FN:27,(anonymous_4)
FN:30,(anonymous_5)
FN:42,(anonymous_6)
FN:43,(anonymous_7)
FN:48,(anonymous_8)
FN:56,(anonymous_9)
FN:61,(anonymous_10)
FN:72,(anonymous_11)
FN:73,(anonymous_12)
FN:77,(anonymous_13)
FN:85,(anonymous_14)
FN:90,(anonymous_15)
FN:98,(anonymous_16)
FN:103,(anonymous_17)
FN:114,(anonymous_18)
FN:115,(anonymous_19)
FN:118,(anonymous_20)
FN:128,(anonymous_21)
FN:129,(anonymous_22)
FN:136,(anonymous_23)
FN:146,(anonymous_24)
FN:147,(anonymous_25)
FN:152,(anonymous_26)
FN:160,(anonymous_27)
FN:165,(anonymous_28)
FN:173,(anonymous_29)
FN:178,(anonymous_30)
FN:186,(anonymous_31)
FN:193,(anonymous_32)
FN:201,(anonymous_33)
FN:205,(anonymous_34)
FN:216,(anonymous_35)
FN:217,(anonymous_36)
FN:221,(anonymous_37)
FN:231,(anonymous_38)
FN:232,(anonymous_39)
FN:236,(anonymous_40)
FN:244,(anonymous_41)
FN:248,(anonymous_42)
FN:259,(anonymous_43)
FN:260,(anonymous_44)
FN:263,(anonymous_45)
FN:273,(anonymous_46)
FN:274,(anonymous_47)
FN:277,(anonymous_48)
FN:288,(anonymous_49)
FN:289,(anonymous_50)
FN:293,(anonymous_51)
FN:303,(anonymous_52)
FN:304,(anonymous_53)
FN:308,(anonymous_54)
FN:316,(anonymous_55)
FN:320,(anonymous_56)
FNF:56
FNH:41
FNDA:1,(anonymous_1)
FNDA:1,(anonymous_2)
FNDA:1,(anonymous_3)
FNDA:1,(anonymous_4)
FNDA:1,(anonymous_5)
FNDA:1,(anonymous_6)
FNDA:1,(anonymous_7)
FNDA:0,(anonymous_8)
FNDA:1,(anonymous_9)
FNDA:0,(anonymous_10)
FNDA:1,(anonymous_11)
FNDA:1,(anonymous_12)
FNDA:1,(anonymous_13)
FNDA:1,(anonymous_14)
FNDA:0,(anonymous_15)
FNDA:1,(anonymous_16)
FNDA:0,(anonymous_17)
FNDA:1,(anonymous_18)
FNDA:1,(anonymous_19)
FNDA:1,(anonymous_20)
FNDA:1,(anonymous_21)
FNDA:1,(anonymous_22)
FNDA:0,(anonymous_23)
FNDA:1,(anonymous_24)
FNDA:1,(anonymous_25)
FNDA:0,(anonymous_26)
FNDA:1,(anonymous_27)
FNDA:1,(anonymous_28)
FNDA:1,(anonymous_29)
FNDA:0,(anonymous_30)
FNDA:1,(anonymous_31)
FNDA:0,(anonymous_32)
FNDA:1,(anonymous_33)
FNDA:0,(anonymous_34)
FNDA:1,(anonymous_35)
FNDA:1,(anonymous_36)
FNDA:0,(anonymous_37)
FNDA:1,(anonymous_38)
FNDA:1,(anonymous_39)
FNDA:0,(anonymous_40)
FNDA:1,(anonymous_41)
FNDA:0,(anonymous_42)
FNDA:1,(anonymous_43)
FNDA:1,(anonymous_44)
FNDA:1,(anonymous_45)
FNDA:1,(anonymous_46)
FNDA:1,(anonymous_47)
FNDA:1,(anonymous_48)
FNDA:1,(anonymous_49)
FNDA:1,(anonymous_50)
FNDA:0,(anonymous_51)
FNDA:1,(anonymous_52)
FNDA:1,(anonymous_53)
FNDA:0,(anonymous_54)
FNDA:1,(anonymous_55)
FNDA:0,(anonymous_56)
DA:1,1
DA:2,1
DA:3,1
DA:4,1
DA:5,1
DA:7,1
DA:9,1
DA:11,1
DA:12,1
DA:15,1
DA:16,1
DA:17,1
DA:20,1
DA:21,1
DA:22,1
DA:23,1
DA:24,1
DA:27,1
DA:28,1
DA:31,1
DA:32,1
DA:33,1
DA:34,1
DA:35,1
DA:42,1
DA:43,1
DA:44,1
DA:49,0
DA:50,0
DA:51,0
DA:52,0
DA:53,0
DA:56,1
DA:57,1
DA:62,0
DA:63,0
DA:64,0
DA:65,0
DA:66,0
DA:72,1
DA:73,1
DA:74,1
DA:78,1
DA:79,1
DA:80,1
DA:81,1
DA:82,1
DA:85,1
DA:86,1
DA:91,0
DA:92,0
DA:93,0
DA:94,0
DA:95,0
DA:98,1
DA:99,1
DA:104,0
DA:105,0
DA:106,0
DA:107,0
DA:108,0
DA:114,1
DA:115,1
DA:116,1
DA:119,1
DA:120,0
DA:121,0
DA:122,0
DA:128,1
DA:129,1
DA:130,1
DA:137,0
DA:138,0
DA:139,0
DA:140,0
DA:146,1
DA:147,1
DA:148,1
DA:153,0
DA:154,0
DA:155,0
DA:156,0
DA:157,0
DA:160,1
DA:161,1
DA:166,1
DA:167,1
DA:168,1
DA:169,1
DA:170,1
DA:173,1
DA:174,1
DA:179,0
DA:180,0
DA:181,0
DA:182,0
DA:183,0
DA:186,1
DA:187,1
DA:194,0
DA:195,0
DA:196,0
DA:197,0
DA:198,0
DA:201,1
DA:202,1
DA:206,0
DA:207,0
DA:208,0
DA:209,0
DA:210,0
DA:216,1
DA:217,1
DA:218,1
DA:222,0
DA:223,0
DA:224,0
DA:225,0
DA:231,1
DA:232,1
DA:233,1
DA:237,0
DA:238,0
DA:239,0
DA:240,0
DA:241,0
DA:244,1
DA:245,1
DA:249,0
DA:250,0
DA:251,0
DA:252,0
DA:253,0
DA:259,1
DA:260,1
DA:261,1
DA:264,1
DA:265,0
DA:266,0
DA:267,0
DA:273,1
DA:274,1
DA:275,1
DA:278,1
DA:279,1
DA:280,0
DA:281,0
DA:282,0
DA:288,1
DA:289,1
DA:290,1
DA:294,0
DA:295,0
DA:296,0
DA:297,0
DA:303,1
DA:304,1
DA:305,1
DA:309,0
DA:310,0
DA:311,0
DA:312,0
DA:313,0
DA:316,1
DA:317,1
DA:321,0
DA:322,0
DA:323,0
DA:324,0
DA:325,0
LF:170
LH:89
BRF:0
BRH:0
end_of_record
TN:
SF:/Users/andeladeveloper/Desktop/more-recipes/Server/tests/reviews.js
FN:12,(anonymous_1)
FN:13,(anonymous_2)
FN:20,(anonymous_3)
FN:30,(anonymous_4)
FN:31,(anonymous_5)
FN:36,(anonymous_6)
FN:44,(anonymous_7)
FN:51,(anonymous_8)
FN:59,(anonymous_9)
FN:64,(anonymous_10)
FNF:10
FNH:6
FNDA:1,(anonymous_1)
FNDA:1,(anonymous_2)
FNDA:0,(anonymous_3)
FNDA:1,(anonymous_4)
FNDA:1,(anonymous_5)
FNDA:0,(anonymous_6)
FNDA:1,(anonymous_7)
FNDA:0,(anonymous_8)
FNDA:1,(anonymous_9)
FNDA:0,(anonymous_10)
DA:1,1
DA:2,1
DA:3,1
DA:4,1
DA:5,1
DA:6,1
DA:8,1
DA:10,1
DA:12,1
DA:13,1
DA:14,1
DA:21,0
DA:22,0
DA:23,0
DA:24,0
DA:30,1
DA:31,1
DA:32,1
DA:37,0
DA:38,0
DA:39,0
DA:40,0
DA:41,0
DA:44,1
DA:45,1
DA:52,0
DA:53,0
DA:54,0
DA:55,0
DA:56,0
DA:59,1
DA:60,1
DA:65,0
DA:66,0
DA:67,0
DA:68,0
DA:69,0
LF:37
LH:18
BRF:0
BRH:0
end_of_record
TN:
SF:/Users/andeladeveloper/Desktop/more-recipes/Server/tests/users.js
FN:17,(anonymous_1)
FN:24,(anonymous_2)
FN:25,(anonymous_3)
FN:29,(anonymous_4)
FN:38,(anonymous_5)
FN:42,(anonymous_6)
FN:54,(anonymous_7)
FN:55,(anonymous_8)
FN:59,(anonymous_9)
FN:70,(anonymous_10)
FN:71,(anonymous_11)
FN:75,(anonymous_12)
FN:82,(anonymous_13)
FN:86,(anonymous_14)
FN:96,(anonymous_15)
FN:97,(anonymous_16)
FN:101,(anonymous_17)
FN:108,(anonymous_18)
FN:112,(anonymous_19)
FNF:19
FNH:19
FNDA:1,(anonymous_1)
FNDA:1,(anonymous_2)
FNDA:1,(anonymous_3)
FNDA:1,(anonymous_4)
FNDA:1,(anonymous_5)
FNDA:1,(anonymous_6)
FNDA:1,(anonymous_7)
FNDA:1,(anonymous_8)
FNDA:1,(anonymous_9)
FNDA:1,(anonymous_10)
FNDA:1,(anonymous_11)
FNDA:1,(anonymous_12)
FNDA:1,(anonymous_13)
FNDA:1,(anonymous_14)
FNDA:1,(anonymous_15)
FNDA:1,(anonymous_16)
FNDA:1,(anonymous_17)
FNDA:1,(anonymous_18)
FNDA:1,(anonymous_19)
DA:1,1
DA:2,1
DA:3,1
DA:4,1
DA:5,1
DA:8,1
DA:10,1
DA:11,1
DA:12,1
DA:13,1
DA:15,1
DA:17,1
DA:18,1
DA:24,1
DA:25,1
DA:26,1
DA:30,1
DA:31,0
DA:32,0
DA:33,0
DA:34,0
DA:35,0
DA:38,1
DA:39,1
DA:43,1
DA:44,0
DA:45,0
DA:46,0
DA:47,0
DA:48,0
DA:54,1
DA:55,1
DA:56,1
DA:60,1
DA:61,0
DA:62,0
DA:63,0
DA:64,0
DA:70,1
DA:71,1
DA:72,1
DA:76,1
DA:77,1
DA:78,1
DA:79,1
DA:82,1
DA:83,1
DA:87,1
DA:88,0
DA:89,0
DA:90,0
DA:96,1
DA:97,1
DA:98,1
DA:102,1
DA:103,0
DA:104,0
DA:105,0
DA:108,1
DA:109,1
DA:113,1
DA:114,0
DA:115,0
DA:116,0
LF:64
LH:41
BRF:0
BRH:0
end_of_record
