TN:
SF:/Users/andeladeveloper/Desktop/more-recipes/Server/index.js
FN:23,(anonymous_1)
FNF:1
FNH:0
FNDA:0,(anonymous_1)
DA:1,1
DA:2,1
DA:3,1
DA:4,1
DA:5,1
DA:6,1
DA:7,1
DA:8,1
DA:9,1
DA:11,1
DA:13,1
DA:14,1
DA:17,1
DA:18,1
DA:19,1
DA:20,1
DA:23,1
DA:26,1
DA:27,1
DA:28,1
DA:29,1
DA:30,1
DA:31,1
DA:32,1
DA:34,1
DA:35,1
DA:36,1
DA:37,1
DA:41,1
DA:42,1
DA:45,1
DA:46,1
DA:48,1
LF:33
LH:33
BRDA:45,0,0,1
BRDA:45,0,1,1
BRF:2
BRH:2
end_of_record
TN:
SF:/Users/andeladeveloper/Desktop/more-recipes/Server/config/config.js
FNF:0
FNH:0
DA:1,1
DA:3,1
DA:5,1
LF:3
LH:3
BRF:0
BRH:0
end_of_record
TN:
SF:/Users/andeladeveloper/Desktop/more-recipes/Server/controllers/favorites.js
FN:6,faveRecipe
FN:24,(anonymous_2)
FN:38,(anonymous_3)
FN:41,(anonymous_4)
FN:48,(anonymous_5)
FN:54,(anonymous_6)
FN:61,(anonymous_7)
FN:64,(anonymous_8)
FN:66,(anonymous_9)
FN:6,getFaveRecipes
FN:92,(anonymous_11)
FN:105,(anonymous_12)
FNF:12
FNH:2
FNDA:0,faveRecipe
FNDA:0,(anonymous_2)
FNDA:0,(anonymous_3)
FNDA:0,(anonymous_4)
FNDA:0,(anonymous_5)
FNDA:0,(anonymous_6)
FNDA:0,(anonymous_7)
FNDA:0,(anonymous_8)
FNDA:0,(anonymous_9)
FNDA:2,getFaveRecipes
FNDA:1,(anonymous_11)
FNDA:0,(anonymous_12)
DA:1,1
DA:3,1
DA:4,1
DA:6,1
DA:14,0
DA:15,0
DA:20,0
DA:21,0
DA:25,0
DA:26,0
DA:32,0
DA:39,0
DA:40,0
DA:42,0
DA:48,0
DA:50,0
DA:55,0
DA:61,0
DA:64,0
DA:66,0
DA:76,2
DA:77,0
DA:82,2
DA:83,2
DA:84,1
DA:93,1
DA:94,1
DA:99,0
DA:105,0
DA:107,1
LF:30
LH:11
BRDA:14,0,0,0
BRDA:14,0,1,0
BRDA:25,1,0,0
BRDA:25,1,1,0
BRDA:39,2,0,0
BRDA:39,2,1,0
BRDA:76,3,0,0
BRDA:76,3,1,2
BRDA:83,4,0,1
BRDA:83,4,1,1
BRDA:93,5,0,1
BRDA:93,5,1,0
BRF:12
BRH:4
end_of_record
TN:
SF:/Users/andeladeveloper/Desktop/more-recipes/Server/controllers/ratings.js
FN:6,upvote
FN:24,(anonymous_2)
FN:37,(anonymous_3)
FN:43,(anonymous_4)
FN:48,(anonymous_5)
FN:50,(anonymous_6)
FN:53,(anonymous_7)
FN:66,(anonymous_8)
FN:72,(anonymous_9)
FN:75,(anonymous_10)
FN:77,(anonymous_11)
FN:6,downvote
FN:98,(anonymous_13)
FN:111,(anonymous_14)
FN:117,(anonymous_15)
FN:122,(anonymous_16)
FN:124,(anonymous_17)
FN:127,(anonymous_18)
FN:140,(anonymous_19)
FN:146,(anonymous_20)
FN:149,(anonymous_21)
FN:151,(anonymous_22)
FNF:22
FNH:0
FNDA:0,upvote
FNDA:0,(anonymous_2)
FNDA:0,(anonymous_3)
FNDA:0,(anonymous_4)
FNDA:0,(anonymous_5)
FNDA:0,(anonymous_6)
FNDA:0,(anonymous_7)
FNDA:0,(anonymous_8)
FNDA:0,(anonymous_9)
FNDA:0,(anonymous_10)
FNDA:0,(anonymous_11)
FNDA:0,downvote
FNDA:0,(anonymous_13)
FNDA:0,(anonymous_14)
FNDA:0,(anonymous_15)
FNDA:0,(anonymous_16)
FNDA:0,(anonymous_17)
FNDA:0,(anonymous_18)
FNDA:0,(anonymous_19)
FNDA:0,(anonymous_20)
FNDA:0,(anonymous_21)
FNDA:0,(anonymous_22)
DA:1,1
DA:3,1
DA:4,1
DA:6,1
DA:14,0
DA:15,0
DA:20,0
DA:21,0
DA:25,0
DA:26,0
DA:31,0
DA:38,0
DA:39,0
DA:40,0
DA:44,0
DA:48,0
DA:50,0
DA:51,0
DA:52,0
DA:54,0
DA:61,0
DA:67,0
DA:72,0
DA:75,0
DA:77,0
DA:88,0
DA:89,0
DA:94,0
DA:95,0
DA:99,0
DA:100,0
DA:105,0
DA:112,0
DA:113,0
DA:114,0
DA:118,0
DA:122,0
DA:124,0
DA:125,0
DA:126,0
DA:128,0
DA:135,0
DA:141,0
DA:146,0
DA:149,0
DA:151,0
LF:46
LH:4
BRDA:14,0,0,0
BRDA:14,0,1,0
BRDA:25,1,0,0
BRDA:25,1,1,0
BRDA:38,2,0,0
BRDA:38,2,1,0
BRDA:39,3,0,0
BRDA:39,3,1,0
BRDA:51,4,0,0
BRDA:51,4,1,0
BRDA:88,5,0,0
BRDA:88,5,1,0
BRDA:99,6,0,0
BRDA:99,6,1,0
BRDA:112,7,0,0
BRDA:112,7,1,0
BRDA:113,8,0,0
BRDA:113,8,1,0
BRDA:125,9,0,0
BRDA:125,9,1,0
BRF:20
BRH:0
end_of_record
TN:
SF:/Users/andeladeveloper/Desktop/more-recipes/Server/controllers/recipes.js
FN:10,addRecipe
FN:26,(anonymous_2)
FN:42,(anonymous_3)
FN:53,(anonymous_4)
FN:55,(anonymous_5)
FN:10,getAllRecipes
FN:88,(anonymous_7)
FN:101,(anonymous_8)
FN:112,(anonymous_9)
FN:120,(anonymous_10)
FN:143,(anonymous_11)
FN:145,(anonymous_12)
FN:150,(anonymous_13)
FN:163,(anonymous_14)
FN:10,updateRecipe
FN:181,(anonymous_16)
FN:200,(anonymous_17)
FN:214,(anonymous_18)
FN:235,(anonymous_19)
FN:10,deleteRecipe
FN:253,(anonymous_21)
FN:261,(anonymous_22)
FN:267,(anonymous_23)
FN:275,(anonymous_24)
FN:10,getRecipe
FN:290,(anonymous_26)
FN:302,(anonymous_27)
FN:10,getUserRecipes
FN:317,(anonymous_29)
FN:330,(anonymous_30)
FNF:30
FNH:14
FNDA:4,addRecipe
FNDA:3,(anonymous_2)
FNDA:2,(anonymous_3)
FNDA:0,(anonymous_4)
FNDA:0,(anonymous_5)
FNDA:3,getAllRecipes
FNDA:1,(anonymous_7)
FNDA:0,(anonymous_8)
FNDA:0,(anonymous_9)
FNDA:0,(anonymous_10)
FNDA:0,(anonymous_11)
FNDA:0,(anonymous_12)
FNDA:2,(anonymous_13)
FNDA:0,(anonymous_14)
FNDA:3,updateRecipe
FNDA:3,(anonymous_16)
FNDA:1,(anonymous_17)
FNDA:0,(anonymous_18)
FNDA:0,(anonymous_19)
FNDA:2,deleteRecipe
FNDA:2,(anonymous_21)
FNDA:1,(anonymous_22)
FNDA:0,(anonymous_23)
FNDA:0,(anonymous_24)
FNDA:2,getRecipe
FNDA:2,(anonymous_26)
FNDA:0,(anonymous_27)
FNDA:0,getUserRecipes
FNDA:0,(anonymous_29)
FNDA:0,(anonymous_30)
DA:1,1
DA:2,1
DA:3,1
DA:4,1
DA:6,1
DA:7,1
DA:8,1
DA:10,1
DA:18,4
DA:19,4
DA:20,3
DA:27,3
DA:28,1
DA:33,2
DA:43,2
DA:53,0
DA:55,0
DA:57,1
DA:72,3
DA:73,1
DA:89,1
DA:90,1
DA:95,0
DA:101,0
DA:102,2
DA:103,0
DA:104,0
DA:109,0
DA:110,0
DA:111,0
DA:113,0
DA:114,0
DA:115,0
DA:116,0
DA:121,0
DA:122,0
DA:127,0
DA:128,0
DA:133,0
DA:143,0
DA:145,0
DA:148,2
DA:151,2
DA:152,1
DA:157,1
DA:163,0
DA:173,3
DA:174,0
DA:179,3
DA:180,3
DA:182,3
DA:183,1
DA:187,2
DA:188,2
DA:190,2
DA:191,2
DA:192,1
DA:201,1
DA:214,0
DA:216,1
DA:223,0
DA:229,0
DA:235,0
DA:245,2
DA:246,0
DA:251,2
DA:252,2
DA:254,2
DA:255,1
DA:259,1
DA:260,1
DA:262,1
DA:267,0
DA:269,0
DA:275,0
DA:280,2
DA:281,0
DA:286,2
DA:287,2
DA:291,2
DA:292,1
DA:297,1
DA:302,0
DA:307,0
DA:308,0
DA:313,0
DA:314,0
DA:318,0
DA:319,0
DA:324,0
DA:330,0
LF:91
LH:51
BRDA:19,0,0,3
BRDA:19,0,1,1
BRDA:27,1,0,1
BRDA:27,1,1,2
BRDA:72,2,0,1
BRDA:72,2,1,2
BRDA:89,3,0,1
BRDA:89,3,1,0
BRDA:102,4,0,0
BRDA:102,4,1,2
BRDA:103,5,0,0
BRDA:103,5,1,0
BRDA:113,6,0,0
BRDA:113,6,1,0
BRDA:121,7,0,0
BRDA:121,7,1,0
BRDA:127,8,0,0
BRDA:127,8,1,0
BRDA:151,9,0,1
BRDA:151,9,1,1
BRDA:173,10,0,0
BRDA:173,10,1,3
BRDA:182,11,0,1
BRDA:182,11,1,2
BRDA:187,12,0,2
BRDA:187,12,1,0
BRDA:188,13,0,2
BRDA:188,13,1,0
BRDA:188,14,0,2
BRDA:188,14,1,2
BRDA:188,14,2,2
BRDA:188,14,3,2
BRDA:188,14,4,0
BRDA:188,14,5,0
BRDA:191,15,0,1
BRDA:191,15,1,1
BRDA:193,16,0,1
BRDA:193,16,1,1
BRDA:194,17,0,1
BRDA:194,17,1,1
BRDA:195,18,0,1
BRDA:195,18,1,1
BRDA:196,19,0,1
BRDA:196,19,1,0
BRDA:197,20,0,1
BRDA:197,20,1,1
BRDA:198,21,0,1
BRDA:198,21,1,1
BRDA:245,22,0,0
BRDA:245,22,1,2
BRDA:254,23,0,1
BRDA:254,23,1,1
BRDA:259,24,0,1
BRDA:259,24,1,0
BRDA:280,25,0,0
BRDA:280,25,1,2
BRDA:291,26,0,1
BRDA:291,26,1,1
BRDA:307,27,0,0
BRDA:307,27,1,0
BRDA:318,28,0,0
BRDA:318,28,1,0
BRF:62
BRH:39
end_of_record
TN:
SF:/Users/andeladeveloper/Desktop/more-recipes/Server/controllers/reviews.js
FN:11,reviewRecipe
FN:27,(anonymous_2)
FN:36,(anonymous_3)
FN:42,(anonymous_4)
FN:57,(anonymous_5)
FNF:5
FNH:3
FNDA:3,reviewRecipe
FNDA:3,(anonymous_2)
FNDA:1,(anonymous_3)
FNDA:0,(anonymous_4)
FNDA:0,(anonymous_5)
DA:1,1
DA:2,1
DA:4,1
DA:5,1
DA:7,1
DA:11,1
DA:19,3
DA:20,0
DA:25,3
DA:26,3
DA:28,3
DA:29,2
DA:30,2
DA:31,1
DA:37,1
DA:42,0
DA:44,1
DA:51,1
DA:57,0
LF:19
LH:16
BRDA:19,0,0,0
BRDA:19,0,1,3
BRDA:28,1,0,2
BRDA:28,1,1,1
BRDA:30,2,0,1
BRDA:30,2,1,1
BRF:6
BRH:5
end_of_record
TN:
SF:/Users/andeladeveloper/Desktop/more-recipes/Server/controllers/users.js
FN:11,createToken
FN:19,createUser
FN:32,(anonymous_3)
FN:46,(anonymous_4)
FN:65,(anonymous_5)
FN:19,signIn
FN:88,(anonymous_7)
FN:111,(anonymous_8)
FNF:8
FNH:6
FNDA:2,createToken
FNDA:3,createUser
FNDA:2,(anonymous_3)
FNDA:1,(anonymous_4)
FNDA:0,(anonymous_5)
FNDA:3,signIn
FNDA:3,(anonymous_7)
FNDA:0,(anonymous_8)
DA:1,1
DA:2,1
DA:3,1
DA:4,1
DA:6,1
DA:8,1
DA:9,1
DA:12,2
DA:16,2
DA:19,1
DA:27,3
DA:28,3
DA:29,2
DA:33,2
DA:34,1
DA:35,0
DA:40,1
DA:47,1
DA:48,1
DA:49,1
DA:59,1
DA:65,0
DA:67,1
DA:68,1
DA:82,3
DA:83,3
DA:84,3
DA:85,3
DA:89,3
DA:90,2
DA:91,1
DA:92,1
DA:93,1
DA:99,1
DA:104,1
DA:105,1
DA:111,0
DA:113,0
LF:38
LH:34
BRDA:28,0,0,2
BRDA:28,0,1,1
BRDA:33,1,0,1
BRDA:33,1,1,1
BRDA:34,2,0,0
BRDA:34,2,1,1
BRDA:84,3,0,3
BRDA:84,3,1,0
BRDA:84,4,0,3
BRDA:84,4,1,3
BRDA:89,5,0,2
BRDA:89,5,1,1
BRDA:90,6,0,1
BRDA:90,6,1,1
BRDA:104,7,0,1
BRDA:104,7,1,0
BRF:16
BRH:13
end_of_record
TN:
SF:/Users/andeladeveloper/Desktop/more-recipes/Server/middleware/index.js
FN:3,authenticate
FN:7,(anonymous_2)
FNF:2
FNH:2
FNDA:16,authenticate
FNDA:15,(anonymous_2)
DA:1,1
DA:3,1
DA:5,16
DA:6,16
DA:7,15
DA:8,15
DA:9,1
DA:14,14
DA:15,14
DA:18,1
LF:10
LH:10
BRDA:5,0,0,16
BRDA:5,0,1,16
BRDA:5,0,2,16
BRDA:6,1,0,15
BRDA:6,1,1,1
BRDA:8,2,0,1
BRDA:8,2,1,14
BRF:7
BRH:7
end_of_record
TN:
SF:/Users/andeladeveloper/Desktop/more-recipes/Server/models/favorite.js
FN:2,(anonymous_0)
FN:5,(anonymous_1)
FNF:2
FNH:2
FNDA:1,(anonymous_0)
FNDA:1,(anonymous_1)
DA:2,1
DA:3,1
DA:5,1
DA:6,1
DA:10,1
DA:16,1
LF:6
LH:6
BRF:0
BRH:0
end_of_record
TN:
SF:/Users/andeladeveloper/Desktop/more-recipes/Server/models/index.js
FN:27,(anonymous_0)
FN:31,(anonymous_1)
FN:36,(anonymous_2)
FNF:3
FNH:3
FNDA:6,(anonymous_0)
FNDA:5,(anonymous_1)
FNDA:5,(anonymous_2)
DA:3,1
DA:5,1
DA:7,1
DA:9,1
DA:10,1
DA:11,1
DA:12,1
DA:14,1
DA:18,1
DA:19,0
DA:21,1
DA:25,1
DA:27,6
DA:32,5
DA:33,5
DA:36,1
DA:37,5
DA:38,5
DA:42,1
DA:43,1
DA:45,1
LF:21
LH:20
BRDA:10,0,0,1
BRDA:10,0,1,0
BRDA:18,1,0,0
BRDA:18,1,1,1
BRDA:28,2,0,6
BRDA:28,2,1,6
BRDA:28,2,2,5
BRDA:37,3,0,5
BRDA:37,3,1,0
BRF:9
BRH:6
end_of_record
TN:
SF:/Users/andeladeveloper/Desktop/more-recipes/Server/models/rating.js
FN:2,(anonymous_0)
FN:10,(anonymous_1)
FNF:2
FNH:2
FNDA:1,(anonymous_0)
FNDA:1,(anonymous_1)
DA:2,1
DA:3,1
DA:10,1
DA:11,1
DA:15,1
DA:21,1
LF:6
LH:6
BRF:0
BRH:0
end_of_record
TN:
SF:/Users/andeladeveloper/Desktop/more-recipes/Server/models/recipe.js
FN:2,(anonymous_0)
FN:30,(anonymous_1)
FNF:2
FNH:2
FNDA:1,(anonymous_0)
FNDA:1,(anonymous_1)
DA:2,1
DA:3,1
DA:30,1
DA:31,1
DA:35,1
DA:39,1
DA:43,1
DA:49,1
LF:8
LH:8
BRF:0
BRH:0
end_of_record
TN:
SF:/Users/andeladeveloper/Desktop/more-recipes/Server/models/review.js
FN:2,(anonymous_0)
FN:16,(anonymous_1)
FNF:2
FNH:2
FNDA:1,(anonymous_0)
FNDA:1,(anonymous_1)
DA:2,1
DA:3,1
DA:16,1
DA:17,1
DA:21,1
DA:26,1
LF:6
LH:6
BRF:0
BRH:0
end_of_record
TN:
SF:/Users/andeladeveloper/Desktop/more-recipes/Server/models/user.js
FN:3,(anonymous_1)
FN:27,(anonymous_2)
FN:46,(anonymous_3)
FN:53,(anonymous_4)
FNF:4
FNH:4
FNDA:1,(anonymous_1)
FNDA:1,(anonymous_2)
FNDA:1,(anonymous_3)
FNDA:2,(anonymous_4)
DA:1,1
DA:3,1
DA:4,1
DA:27,1
DA:28,1
DA:32,1
DA:36,1
DA:40,1
DA:46,1
DA:47,1
DA:48,1
DA:49,1
DA:50,1
DA:53,1
DA:54,2
DA:55,2
DA:57,1
LF:17
LH:17
BRF:0
BRH:0
end_of_record
TN:
SF:/Users/andeladeveloper/Desktop/more-recipes/Server/shared/validations.js
FNF:0
FNH:0
DA:1,1
DA:9,1
DA:18,1
LF:3
LH:3
BRF:0
BRH:0
end_of_record
TN:
SF:/Users/andeladeveloper/Desktop/more-recipes/tests/apitests.js
FN:16,(anonymous_1)
FN:17,(anonymous_2)
FN:24,(anonymous_3)
FN:25,(anonymous_4)
FN:35,(anonymous_5)
FN:45,(anonymous_6)
FN:46,(anonymous_7)
FN:53,(anonymous_8)
FN:63,(anonymous_9)
FN:64,(anonymous_10)
FN:65,(anonymous_11)
FN:75,(anonymous_12)
FN:82,(anonymous_13)
FN:92,(anonymous_14)
FN:99,(anonymous_15)
FN:100,(anonymous_16)
FN:107,(anonymous_17)
FN:114,(anonymous_18)
FN:121,(anonymous_19)
FN:135,(anonymous_20)
FN:136,(anonymous_21)
FN:137,(anonymous_22)
FN:140,(anonymous_23)
FN:149,(anonymous_24)
FN:150,(anonymous_25)
FN:162,(anonymous_26)
FN:170,(anonymous_27)
FN:181,(anonymous_28)
FN:189,(anonymous_29)
FN:201,(anonymous_30)
FN:209,(anonymous_31)
FN:221,(anonymous_32)
FN:229,(anonymous_33)
FN:230,(anonymous_34)
FN:242,(anonymous_35)
FN:254,(anonymous_36)
FN:255,(anonymous_37)
FN:258,(anonymous_38)
FN:265,(anonymous_39)
FN:268,(anonymous_40)
FN:278,(anonymous_41)
FN:279,(anonymous_42)
FN:286,(anonymous_43)
FN:293,(anonymous_44)
FN:300,(anonymous_45)
FN:308,(anonymous_46)
FN:315,(anonymous_47)
FN:323,(anonymous_48)
FN:330,(anonymous_49)
FN:340,(anonymous_50)
FN:341,(anonymous_51)
FN:345,(anonymous_52)
FN:352,(anonymous_53)
FN:356,(anonymous_54)
FN:368,(anonymous_55)
FN:369,(anonymous_56)
FN:370,(anonymous_57)
FN:373,(anonymous_58)
FN:380,(anonymous_59)
FN:383,(anonymous_60)
FN:393,(anonymous_61)
FN:394,(anonymous_62)
FN:401,(anonymous_63)
FN:408,(anonymous_64)
FN:415,(anonymous_65)
FN:423,(anonymous_66)
FN:430,(anonymous_67)
FN:440,(anonymous_68)
FN:441,(anonymous_69)
FN:445,(anonymous_70)
FN:464,(anonymous_71)
FN:468,(anonymous_72)
FNF:72
FNH:72
FNDA:1,(anonymous_1)
FNDA:1,(anonymous_2)
FNDA:1,(anonymous_3)
FNDA:1,(anonymous_4)
FNDA:1,(anonymous_5)
FNDA:1,(anonymous_6)
FNDA:1,(anonymous_7)
FNDA:1,(anonymous_8)
FNDA:1,(anonymous_9)
FNDA:1,(anonymous_10)
FNDA:1,(anonymous_11)
FNDA:1,(anonymous_12)
FNDA:1,(anonymous_13)
FNDA:1,(anonymous_14)
FNDA:1,(anonymous_15)
FNDA:1,(anonymous_16)
FNDA:1,(anonymous_17)
FNDA:1,(anonymous_18)
FNDA:1,(anonymous_19)
FNDA:1,(anonymous_20)
FNDA:1,(anonymous_21)
FNDA:1,(anonymous_22)
FNDA:1,(anonymous_23)
FNDA:1,(anonymous_24)
FNDA:1,(anonymous_25)
FNDA:1,(anonymous_26)
FNDA:1,(anonymous_27)
FNDA:1,(anonymous_28)
FNDA:1,(anonymous_29)
FNDA:1,(anonymous_30)
FNDA:1,(anonymous_31)
FNDA:1,(anonymous_32)
FNDA:1,(anonymous_33)
FNDA:1,(anonymous_34)
FNDA:1,(anonymous_35)
FNDA:1,(anonymous_36)
FNDA:1,(anonymous_37)
FNDA:1,(anonymous_38)
FNDA:1,(anonymous_39)
FNDA:1,(anonymous_40)
FNDA:1,(anonymous_41)
FNDA:1,(anonymous_42)
FNDA:1,(anonymous_43)
FNDA:1,(anonymous_44)
FNDA:1,(anonymous_45)
FNDA:1,(anonymous_46)
FNDA:1,(anonymous_47)
FNDA:1,(anonymous_48)
FNDA:1,(anonymous_49)
FNDA:1,(anonymous_50)
FNDA:1,(anonymous_51)
FNDA:1,(anonymous_52)
FNDA:1,(anonymous_53)
FNDA:1,(anonymous_54)
FNDA:1,(anonymous_55)
FNDA:1,(anonymous_56)
FNDA:1,(anonymous_57)
FNDA:1,(anonymous_58)
FNDA:1,(anonymous_59)
FNDA:1,(anonymous_60)
FNDA:1,(anonymous_61)
FNDA:1,(anonymous_62)
FNDA:1,(anonymous_63)
FNDA:1,(anonymous_64)
FNDA:1,(anonymous_65)
FNDA:1,(anonymous_66)
FNDA:1,(anonymous_67)
FNDA:1,(anonymous_68)
FNDA:1,(anonymous_69)
FNDA:1,(anonymous_70)
FNDA:1,(anonymous_71)
FNDA:1,(anonymous_72)
DA:1,1
DA:2,1
DA:3,1
DA:4,1
DA:5,1
DA:7,1
DA:9,1
DA:11,1
DA:12,1
DA:13,1
DA:14,1
DA:16,1
DA:17,1
DA:18,1
DA:24,1
DA:25,1
DA:26,1
DA:36,1
DA:37,1
DA:38,1
DA:39,1
DA:40,1
DA:41,1
DA:45,1
DA:46,1
DA:47,1
DA:54,1
DA:55,1
DA:56,1
DA:57,1
DA:58,1
DA:63,1
DA:64,1
DA:65,1
DA:66,1
DA:76,1
DA:77,1
DA:78,1
DA:79,1
DA:82,1
DA:83,1
DA:93,1
DA:94,1
DA:95,1
DA:96,1
DA:99,1
DA:100,1
DA:101,1
DA:108,1
DA:109,1
DA:110,1
DA:111,1
DA:114,1
DA:115,1
DA:122,1
DA:123,1
DA:124,1
DA:125,1
DA:135,1
DA:136,1
DA:137,1
DA:138,1
DA:141,1
DA:142,1
DA:143,1
DA:144,1
DA:145,1
DA:149,1
DA:150,1
DA:151,1
DA:163,1
DA:164,1
DA:165,1
DA:166,1
DA:167,1
DA:170,1
DA:171,1
DA:182,1
DA:183,1
DA:184,1
DA:185,1
DA:186,1
DA:189,1
DA:190,1
DA:202,1
DA:203,1
DA:204,1
DA:205,1
DA:206,1
DA:209,1
DA:210,1
DA:222,1
DA:223,1
DA:224,1
DA:225,1
DA:226,1
DA:229,1
DA:230,1
DA:231,1
DA:243,1
DA:244,1
DA:245,1
DA:246,1
DA:247,1
DA:254,1
DA:255,1
DA:256,1
DA:259,1
DA:260,1
DA:261,1
DA:262,1
DA:265,1
DA:266,1
DA:269,1
DA:270,1
DA:271,1
DA:272,1
DA:273,1
DA:278,1
DA:279,1
DA:280,1
DA:287,1
DA:288,1
DA:289,1
DA:290,1
DA:293,1
DA:294,1
DA:301,1
DA:302,1
DA:303,1
DA:304,1
DA:305,1
DA:308,1
DA:309,1
DA:316,1
DA:317,1
DA:318,1
DA:319,1
DA:320,1
DA:323,1
DA:324,1
DA:331,1
DA:332,1
DA:333,1
DA:334,1
DA:335,1
DA:340,1
DA:341,1
DA:342,1
DA:346,1
DA:347,1
DA:348,1
DA:349,1
DA:352,1
DA:353,1
DA:357,1
DA:358,1
DA:359,1
DA:360,1
DA:361,1
DA:368,1
DA:369,1
DA:370,1
DA:371,1
DA:374,1
DA:375,1
DA:376,1
DA:377,1
DA:380,1
DA:381,1
DA:384,1
DA:385,1
DA:386,1
DA:387,1
DA:388,1
DA:393,1
DA:394,1
DA:395,1
DA:402,1
DA:403,1
DA:404,1
DA:405,1
DA:408,1
DA:409,1
DA:416,1
DA:417,1
DA:418,1
DA:419,1
DA:420,1
DA:423,1
DA:424,1
DA:431,1
DA:432,1
DA:433,1
DA:434,1
DA:435,1
DA:440,1
DA:441,1
DA:442,1
DA:446,1
DA:447,1
DA:448,1
DA:449,1
DA:450,1
DA:464,1
DA:465,1
DA:469,1
DA:470,1
DA:471,1
DA:472,1
DA:473,1
LF:211
LH:211
BRF:0
BRH:0
end_of_record
